cd ~
mkdir -p D1/D2/D3
touch D1/D2/file.txt
echo 'Hola' >> D1/D2/file.txt
ln D1/D2/file.txt D1/D2/D3/file_hard.txt
ln -s ../file.txt D1/D2/D3/file_soft.txt
ls -li D1/D2 D1/D2/D3 >> eltex-pg2-v4_part3.log
D1/D2:
total 8
262332 drwxr-xr-x 2 eltex-pg2-v4 eltex-pg2-v4 4096 Mar 15 15:56 D3
262333 -rw-r--r-- 2 eltex-pg2-v4 eltex-pg2-v4    5 Mar 15 15:55 file.txt

D1/D2/D3:
total 4
262333 -rw-r--r-- 2 eltex-pg2-v4 eltex-pg2-v4  5 Mar 15 15:55 file_hard.txt
262334 lrwxrwxrwx 1 eltex-pg2-v4 eltex-pg2-v4 11 Mar 15 15:56 file_soft.txt -> ../file.txt
mv D1/D2/file.txt D1/
cat D1/D2/D3/file_hard.txt >> eltex-pg2-v4_part3.log
Hola
cat D1/D2/D3/file_soft.txt >> eltex-pg2-v4_part3.log
rm -r D1/D2
find / -type f -size +20M 2>/dev/null
find / -type f -size +20M 2>/dev/null > eltex-pg2-v4_part3_gt50M.log
du -h $(cat eltex-pg2-v4_part3_gt50M.log)
find ~ -type f -mtime -1
which find
which find >> eltex-pg2-v4_part3.log
/usr/bin/find
file $(which find)>> eltex-pg2-v4_part3.log
/usr/bin/find: ELF 64-bit LSB pie executable, x86-64, version 1 (SYSV), dynamically linked, interpreter /lib64/ld-linux-x86-64.so.2, BuildID[sha1]=5545a6c7162d325fbe5ffabcbfe4e5521b66ce70, for GNU/Linux 3.2.0, stripped
file /boot/initrd.img* >> eltex-pg2-v4_part3.log
/boot/initrd.img-6.1.0-40-amd64: ASCII cpio archive (SVR4 with no CRC)
/boot/initrd.img-6.1.0-43-amd64: ASCII cpio archive (SVR4 with no CRC)
